# JRE version: Java(TM) SE Runtime Environment (7.0_80-b15) (build 1.7.0_80-b15)
# Java VM: Java HotSpot(TM) 64-Bit Server VM (24.80-b11 mixed mode linux-amd64 compressed oops)
Heap
 PSYoungGen      total 140800K, used 9060K [0x00000000eb600000, 0x00000000f4900000, 0x0000000100000000)
  eden space 131072K, 0% used [0x00000000eb600000,0x00000000eb600000,0x00000000f3600000)
  from space 9728K, 93% used [0x00000000f3600000,0x00000000f3ed9118,0x00000000f3f80000)
  to   space 9728K, 0% used [0x00000000f3f80000,0x00000000f3f80000,0x00000000f4900000)
 ParOldGen       total 41984K, used 14491K [0x00000000c2200000, 0x00000000c4b00000, 0x00000000eb600000)
  object space 41984K, 34% used [0x00000000c2200000,0x00000000c3026eb8,0x00000000c4b00000)
 PSPermGen       total 23040K, used 22903K [0x00000000bd000000, 0x00000000be680000, 0x00000000c2200000)
  object space 23040K, 99% used [0x00000000bd000000,0x00000000be65dfa0,0x00000000be680000)
GC Heap History (10 events):
Event: 3.496 GC heap after
Heap after GC invocations=2 (full 0):
 PSYoungGen      total 35328K, used 2540K [0x00000000eb600000, 0x00000000edb00000, 0x0000000100000000)
  eden space 32768K, 0% used [0x00000000eb600000,0x00000000eb600000,0x00000000ed600000)
  from space 2560K, 99% used [0x00000000ed880000,0x00000000edafb098,0x00000000edb00000)
  to   space 2560K, 0% used [0x00000000ed600000,0x00000000ed600000,0x00000000ed880000)
 ParOldGen       total 41984K, used 1504K [0x00000000c2200000, 0x00000000c4b00000, 0x00000000eb600000)
  object space 41984K, 3% used [0x00000000c2200000,0x00000000c2378168,0x00000000c4b00000)
 PSPermGen       total 21504K, used 9996K [0x00000000bd000000, 0x00000000be500000, 0x00000000c2200000)
  object space 21504K, 46% used [0x00000000bd000000,0x00000000bd9c3380,0x00000000be500000)
}
Event: 4.468 GC heap before
{Heap before GC invocations=3 (full 0):
 PSYoungGen      total 35328K, used 35308K [0x00000000eb600000, 0x00000000edb00000, 0x0000000100000000)
  eden space 32768K, 100% used [0x00000000eb600000,0x00000000ed600000,0x00000000ed600000)
  from space 2560K, 99% used [0x00000000ed880000,0x00000000edafb098,0x00000000edb00000)
  to   space 2560K, 0% used [0x00000000ed600000,0x00000000ed600000,0x00000000ed880000)
 ParOldGen       total 41984K, used 1504K [0x00000000c2200000, 0x00000000c4b00000, 0x00000000eb600000)
  object space 41984K, 3% used [0x00000000c2200000,0x00000000c2378168,0x00000000c4b00000)
 PSPermGen       total 21504K, used 12487K [0x00000000bd000000, 0x00000000be500000, 0x00000000c2200000)
  object space 21504K, 58% used [0x00000000bd000000,0x00000000bdc31c78,0x00000000be500000)
Event: 4.476 GC heap after
Heap after GC invocations=3 (full 0):
 PSYoungGen      total 35328K, used 2539K [0x00000000eb600000, 0x00000000efb00000, 0x0000000100000000)
  eden space 32768K, 0% used [0x00000000eb600000,0x00000000eb600000,0x00000000ed600000)
  from space 2560K, 99% used [0x00000000ed600000,0x00000000ed87ad88,0x00000000ed880000)
  to   space 2560K, 0% used [0x00000000ef880000,0x00000000ef880000,0x00000000efb00000)
 ParOldGen       total 41984K, used 3176K [0x00000000c2200000, 0x00000000c4b00000, 0x00000000eb600000)
  object space 41984K, 7% used [0x00000000c2200000,0x00000000c251a0a0,0x00000000c4b00000)
 PSPermGen       total 21504K, used 12487K [0x00000000bd000000, 0x00000000be500000, 0x00000000c2200000)
  object space 21504K, 58% used [0x00000000bd000000,0x00000000bdc31c78,0x00000000be500000)
}
Event: 5.119 GC heap before
{Heap before GC invocations=4 (full 0):
 PSYoungGen      total 35328K, used 35307K [0x00000000eb600000, 0x00000000efb00000, 0x0000000100000000)
  eden space 32768K, 100% used [0x00000000eb600000,0x00000000ed600000,0x00000000ed600000)
  from space 2560K, 99% used [0x00000000ed600000,0x00000000ed87ad88,0x00000000ed880000)
  to   space 2560K, 0% used [0x00000000ef880000,0x00000000ef880000,0x00000000efb00000)
 ParOldGen       total 41984K, used 3176K [0x00000000c2200000, 0x00000000c4b00000, 0x00000000eb600000)
  object space 41984K, 7% used [0x00000000c2200000,0x00000000c251a0a0,0x00000000c4b00000)
 PSPermGen       total 21504K, used 13733K [0x00000000bd000000, 0x00000000be500000, 0x00000000c2200000)
  object space 21504K, 63% used [0x00000000bd000000,0x00000000bdd69718,0x00000000be500000)
Event: 5.144 GC heap after
Heap after GC invocations=4 (full 0):
 PSYoungGen      total 68096K, used 2531K [0x00000000eb600000, 0x00000000efb00000, 0x0000000100000000)
  eden space 65536K, 0% used [0x00000000eb600000,0x00000000eb600000,0x00000000ef600000)
  from space 2560K, 98% used [0x00000000ef880000,0x00000000efaf8cb0,0x00000000efb00000)
  to   space 2560K, 0% used [0x00000000ef600000,0x00000000ef600000,0x00000000ef880000)
 ParOldGen       total 41984K, used 4491K [0x00000000c2200000, 0x00000000c4b00000, 0x00000000eb600000)
  object space 41984K, 10% used [0x00000000c2200000,0x00000000c2662f58,0x00000000c4b00000)
 PSPermGen       total 21504K, used 13733K [0x00000000bd000000, 0x00000000be500000, 0x00000000c2200000)
  object space 21504K, 63% used [0x00000000bd000000,0x00000000bdd69718,0x00000000be500000)
}
Event: 6.451 GC heap before
{Heap before GC invocations=5 (full 0):
 PSYoungGen      total 68096K, used 68067K [0x00000000eb600000, 0x00000000efb00000, 0x0000000100000000)
  eden space 65536K, 100% used [0x00000000eb600000,0x00000000ef600000,0x00000000ef600000)
  from space 2560K, 98% used [0x00000000ef880000,0x00000000efaf8cb0,0x00000000efb00000)
  to   space 2560K, 0% used [0x00000000ef600000,0x00000000ef600000,0x00000000ef880000)
 ParOldGen       total 41984K, used 4491K [0x00000000c2200000, 0x00000000c4b00000, 0x00000000eb600000)
  object space 41984K, 10% used [0x00000000c2200000,0x00000000c2662f58,0x00000000c4b00000)
 PSPermGen       total 21504K, used 16073K [0x00000000bd000000, 0x00000000be500000, 0x00000000c2200000)
  object space 21504K, 74% used [0x00000000bd000000,0x00000000bdfb2708,0x00000000be500000)
Event: 6.477 GC heap after
Heap after GC invocations=5 (full 0):
 PSYoungGen      total 68096K, used 2544K [0x00000000eb600000, 0x00000000f4900000, 0x0000000100000000)
  eden space 65536K, 0% used [0x00000000eb600000,0x00000000eb600000,0x00000000ef600000)
  from space 2560K, 99% used [0x00000000ef600000,0x00000000ef87c030,0x00000000ef880000)
  to   space 9728K, 0% used [0x00000000f3f80000,0x00000000f3f80000,0x00000000f4900000)
 ParOldGen       total 41984K, used 13775K [0x00000000c2200000, 0x00000000c4b00000, 0x00000000eb600000)
  object space 41984K, 32% used [0x00000000c2200000,0x00000000c2f73ee0,0x00000000c4b00000)
 PSPermGen       total 21504K, used 16073K [0x00000000bd000000, 0x00000000be500000, 0x00000000c2200000)
  object space 21504K, 74% used [0x00000000bd000000,0x00000000bdfb2708,0x00000000be500000)
}
Event: 7.376 GC heap before
{Heap before GC invocations=6 (full 0):
 PSYoungGen      total 68096K, used 68080K [0x00000000eb600000, 0x00000000f4900000, 0x0000000100000000)
  eden space 65536K, 100% used [0x00000000eb600000,0x00000000ef600000,0x00000000ef600000)
  from space 2560K, 99% used [0x00000000ef600000,0x00000000ef87c030,0x00000000ef880000)
  to   space 9728K, 0% used [0x00000000f3f80000,0x00000000f3f80000,0x00000000f4900000)
 ParOldGen       total 41984K, used 13775K [0x00000000c2200000, 0x00000000c4b00000, 0x00000000eb600000)
  object space 41984K, 32% used [0x00000000c2200000,0x00000000c2f73ee0,0x00000000c4b00000)
 PSPermGen       total 21504K, used 18487K [0x00000000bd000000, 0x00000000be500000, 0x00000000c2200000)
  object space 21504K, 85% used [0x00000000bd000000,0x00000000be20dc38,0x00000000be500000)
Event: 7.410 GC heap after
Heap after GC invocations=6 (full 0):
 PSYoungGen      total 140800K, used 4248K [0x00000000eb600000, 0x00000000f4900000, 0x0000000100000000)
  eden space 131072K, 0% used [0x00000000eb600000,0x00000000eb600000,0x00000000f3600000)
  from space 9728K, 43% used [0x00000000f3f80000,0x00000000f43a6178,0x00000000f4900000)
  to   space 9728K, 0% used [0x00000000f3600000,0x00000000f3600000,0x00000000f3f80000)
 ParOldGen       total 41984K, used 13775K [0x00000000c2200000, 0x00000000c4b00000, 0x00000000eb600000)
  object space 41984K, 32% used [0x00000000c2200000,0x00000000c2f73ee0,0x00000000c4b00000)
 PSPermGen       total 21504K, used 18487K [0x00000000bd000000, 0x00000000be500000, 0x00000000c2200000)
  object space 21504K, 85% used [0x00000000bd000000,0x00000000be20dc38,0x00000000be500000)
}
Event: 9.777 GC heap before
{Heap before GC invocations=7 (full 0):
 PSYoungGen      total 140800K, used 135320K [0x00000000eb600000, 0x00000000f4900000, 0x0000000100000000)
  eden space 131072K, 100% used [0x00000000eb600000,0x00000000f3600000,0x00000000f3600000)
  from space 9728K, 43% used [0x00000000f3f80000,0x00000000f43a6178,0x00000000f4900000)
  to   space 9728K, 0% used [0x00000000f3600000,0x00000000f3600000,0x00000000f3f80000)
 ParOldGen       total 41984K, used 13775K [0x00000000c2200000, 0x00000000c4b00000, 0x00000000eb600000)
  object space 41984K, 32% used [0x00000000c2200000,0x00000000c2f73ee0,0x00000000c4b00000)
 PSPermGen       total 23040K, used 22903K [0x00000000bd000000, 0x00000000be680000, 0x00000000c2200000)
  object space 23040K, 99% used [0x00000000bd000000,0x00000000be65dfa0,0x00000000be680000)

