# JRE version: Java(TM) SE Runtime Environment (7.0_80-b15) (build 1.7.0_80-b15)
# Java VM: Java HotSpot(TM) 64-Bit Server VM (24.80-b11 mixed mode linux-amd64 compressed oops)
Heap
 PSYoungGen      total 72704K, used 5662K [0x00000000eb600000, 0x00000000f0600000, 0x0000000100000000)
  eden space 64512K, 0% used [0x00000000eb600000,0x00000000eb600000,0x00000000ef500000)
  from space 8192K, 69% used [0x00000000ef500000,0x00000000efa87ac8,0x00000000efd00000)
  to   space 7168K, 0% used [0x00000000efd00000,0x00000000efd00000,0x00000000f0400000)
 ParOldGen       total 41984K, used 8000K [0x00000000c2200000, 0x00000000c4b00000, 0x00000000eb600000)
  object space 41984K, 19% used [0x00000000c2200000,0x00000000c29d03d0,0x00000000c4b00000)
 PSPermGen       total 21504K, used 16760K [0x00000000bd000000, 0x00000000be500000, 0x00000000c2200000)
  object space 21504K, 77% used [0x00000000bd000000,0x00000000be05e148,0x00000000be500000)
GC Heap History (10 events):
Event: 6.676 GC heap after
Heap after GC invocations=4 (full 0):
 PSYoungGen      total 18944K, used 2555K [0x00000000eb600000, 0x00000000ecb00000, 0x0000000100000000)
  eden space 16384K, 0% used [0x00000000eb600000,0x00000000eb600000,0x00000000ec600000)
  from space 2560K, 99% used [0x00000000ec880000,0x00000000ecafec30,0x00000000ecb00000)
  to   space 2560K, 0% used [0x00000000ec600000,0x00000000ec600000,0x00000000ec880000)
 ParOldGen       total 41984K, used 901K [0x00000000c2200000, 0x00000000c4b00000, 0x00000000eb600000)
  object space 41984K, 2% used [0x00000000c2200000,0x00000000c22e16b0,0x00000000c4b00000)
 PSPermGen       total 21504K, used 10595K [0x00000000bd000000, 0x00000000be500000, 0x00000000c2200000)
  object space 21504K, 49% used [0x00000000bd000000,0x00000000bda58d70,0x00000000be500000)
}
Event: 6.861 GC heap before
{Heap before GC invocations=5 (full 0):
 PSYoungGen      total 18944K, used 18939K [0x00000000eb600000, 0x00000000ecb00000, 0x0000000100000000)
  eden space 16384K, 100% used [0x00000000eb600000,0x00000000ec600000,0x00000000ec600000)
  from space 2560K, 99% used [0x00000000ec880000,0x00000000ecafec30,0x00000000ecb00000)
  to   space 2560K, 0% used [0x00000000ec600000,0x00000000ec600000,0x00000000ec880000)
 ParOldGen       total 41984K, used 901K [0x00000000c2200000, 0x00000000c4b00000, 0x00000000eb600000)
  object space 41984K, 2% used [0x00000000c2200000,0x00000000c22e16b0,0x00000000c4b00000)
 PSPermGen       total 21504K, used 11232K [0x00000000bd000000, 0x00000000be500000, 0x00000000c2200000)
  object space 21504K, 52% used [0x00000000bd000000,0x00000000bdaf8158,0x00000000be500000)
Event: 6.865 GC heap after
Heap after GC invocations=5 (full 0):
 PSYoungGen      total 18944K, used 2276K [0x00000000eb600000, 0x00000000edc00000, 0x0000000100000000)
  eden space 16384K, 0% used [0x00000000eb600000,0x00000000eb600000,0x00000000ec600000)
  from space 2560K, 88% used [0x00000000ec600000,0x00000000ec839020,0x00000000ec880000)
  to   space 3072K, 0% used [0x00000000ed900000,0x00000000ed900000,0x00000000edc00000)
 ParOldGen       total 41984K, used 901K [0x00000000c2200000, 0x00000000c4b00000, 0x00000000eb600000)
  object space 41984K, 2% used [0x00000000c2200000,0x00000000c22e16b0,0x00000000c4b00000)
 PSPermGen       total 21504K, used 11232K [0x00000000bd000000, 0x00000000be500000, 0x00000000c2200000)
  object space 21504K, 52% used [0x00000000bd000000,0x00000000bdaf8158,0x00000000be500000)
}
Event: 7.087 GC heap before
{Heap before GC invocations=6 (full 0):
 PSYoungGen      total 18944K, used 18660K [0x00000000eb600000, 0x00000000edc00000, 0x0000000100000000)
  eden space 16384K, 100% used [0x00000000eb600000,0x00000000ec600000,0x00000000ec600000)
  from space 2560K, 88% used [0x00000000ec600000,0x00000000ec839020,0x00000000ec880000)
  to   space 3072K, 0% used [0x00000000ed900000,0x00000000ed900000,0x00000000edc00000)
 ParOldGen       total 41984K, used 901K [0x00000000c2200000, 0x00000000c4b00000, 0x00000000eb600000)
  object space 41984K, 2% used [0x00000000c2200000,0x00000000c22e16b0,0x00000000c4b00000)
 PSPermGen       total 21504K, used 11859K [0x00000000bd000000, 0x00000000be500000, 0x00000000c2200000)
  object space 21504K, 55% used [0x00000000bd000000,0x00000000bdb94fa8,0x00000000be500000)
Event: 7.100 GC heap after
Heap after GC invocations=6 (full 0):
 PSYoungGen      total 35840K, used 2474K [0x00000000eb600000, 0x00000000edc00000, 0x0000000100000000)
  eden space 32768K, 0% used [0x00000000eb600000,0x00000000eb600000,0x00000000ed600000)
  from space 3072K, 80% used [0x00000000ed900000,0x00000000edb6a8b8,0x00000000edc00000)
  to   space 3072K, 0% used [0x00000000ed600000,0x00000000ed600000,0x00000000ed900000)
 ParOldGen       total 41984K, used 901K [0x00000000c2200000, 0x00000000c4b00000, 0x00000000eb600000)
  object space 41984K, 2% used [0x00000000c2200000,0x00000000c22e16b0,0x00000000c4b00000)
 PSPermGen       total 21504K, used 11859K [0x00000000bd000000, 0x00000000be500000, 0x00000000c2200000)
  object space 21504K, 55% used [0x00000000bd000000,0x00000000bdb94fa8,0x00000000be500000)
}
Event: 7.648 GC heap before
{Heap before GC invocations=7 (full 0):
 PSYoungGen      total 35840K, used 35242K [0x00000000eb600000, 0x00000000edc00000, 0x0000000100000000)
  eden space 32768K, 100% used [0x00000000eb600000,0x00000000ed600000,0x00000000ed600000)
  from space 3072K, 80% used [0x00000000ed900000,0x00000000edb6a8b8,0x00000000edc00000)
  to   space 3072K, 0% used [0x00000000ed600000,0x00000000ed600000,0x00000000ed900000)
 ParOldGen       total 41984K, used 901K [0x00000000c2200000, 0x00000000c4b00000, 0x00000000eb600000)
  object space 41984K, 2% used [0x00000000c2200000,0x00000000c22e16b0,0x00000000c4b00000)
 PSPermGen       total 21504K, used 13137K [0x00000000bd000000, 0x00000000be500000, 0x00000000c2200000)
  object space 21504K, 61% used [0x00000000bd000000,0x00000000bdcd4700,0x00000000be500000)
Event: 7.699 GC heap after
Heap after GC invocations=7 (full 0):
 PSYoungGen      total 35840K, used 3072K [0x00000000eb600000, 0x00000000f0400000, 0x0000000100000000)
  eden space 32768K, 0% used [0x00000000eb600000,0x00000000eb600000,0x00000000ed600000)
  from space 3072K, 100% used [0x00000000ed600000,0x00000000ed900000,0x00000000ed900000)
  to   space 7168K, 0% used [0x00000000efd00000,0x00000000efd00000,0x00000000f0400000)
 ParOldGen       total 41984K, used 7968K [0x00000000c2200000, 0x00000000c4b00000, 0x00000000eb600000)
  object space 41984K, 18% used [0x00000000c2200000,0x00000000c29c83d0,0x00000000c4b00000)
 PSPermGen       total 21504K, used 13137K [0x00000000bd000000, 0x00000000be500000, 0x00000000c2200000)
  object space 21504K, 61% used [0x00000000bd000000,0x00000000bdcd4700,0x00000000be500000)
}
Event: 7.975 GC heap before
{Heap before GC invocations=8 (full 0):
 PSYoungGen      total 35840K, used 35840K [0x00000000eb600000, 0x00000000f0400000, 0x0000000100000000)
  eden space 32768K, 100% used [0x00000000eb600000,0x00000000ed600000,0x00000000ed600000)
  from space 3072K, 100% used [0x00000000ed600000,0x00000000ed900000,0x00000000ed900000)
  to   space 7168K, 0% used [0x00000000efd00000,0x00000000efd00000,0x00000000f0400000)
 ParOldGen       total 41984K, used 7968K [0x00000000c2200000, 0x00000000c4b00000, 0x00000000eb600000)
  object space 41984K, 18% used [0x00000000c2200000,0x00000000c29c83d0,0x00000000c4b00000)
 PSPermGen       total 21504K, used 14118K [0x00000000bd000000, 0x00000000be500000, 0x00000000c2200000)
  object space 21504K, 65% used [0x00000000bd000000,0x00000000bddc99b8,0x00000000be500000)
Event: 7.983 GC heap after
Heap after GC invocations=8 (full 0):
 PSYoungGen      total 71680K, used 6742K [0x00000000eb600000, 0x00000000f0600000, 0x0000000100000000)
  eden space 64512K, 0% used [0x00000000eb600000,0x00000000eb600000,0x00000000ef500000)
  from space 7168K, 94% used [0x00000000efd00000,0x00000000f0395b90,0x00000000f0400000)
  to   space 8192K, 0% used [0x00000000ef500000,0x00000000ef500000,0x00000000efd00000)
 ParOldGen       total 41984K, used 7984K [0x00000000c2200000, 0x00000000c4b00000, 0x00000000eb600000)
  object space 41984K, 19% used [0x00000000c2200000,0x00000000c29cc3d0,0x00000000c4b00000)
 PSPermGen       total 21504K, used 14118K [0x00000000bd000000, 0x00000000be500000, 0x00000000c2200000)
  object space 21504K, 65% used [0x00000000bd000000,0x00000000bddc99b8,0x00000000be500000)
}
Event: 9.109 GC heap before
{Heap before GC invocations=9 (full 0):
 PSYoungGen      total 71680K, used 71254K [0x00000000eb600000, 0x00000000f0600000, 0x0000000100000000)
  eden space 64512K, 100% used [0x00000000eb600000,0x00000000ef500000,0x00000000ef500000)
  from space 7168K, 94% used [0x00000000efd00000,0x00000000f0395b90,0x00000000f0400000)
  to   space 8192K, 0% used [0x00000000ef500000,0x00000000ef500000,0x00000000efd00000)
 ParOldGen       total 41984K, used 7984K [0x00000000c2200000, 0x00000000c4b00000, 0x00000000eb600000)
  object space 41984K, 19% used [0x00000000c2200000,0x00000000c29cc3d0,0x00000000c4b00000)
 PSPermGen       total 21504K, used 16760K [0x00000000bd000000, 0x00000000be500000, 0x00000000c2200000)
  object space 21504K, 77% used [0x00000000bd000000,0x00000000be05e148,0x00000000be500000)

