# JRE version: Java(TM) SE Runtime Environment (7.0_80-b15) (build 1.7.0_80-b15)
# Java VM: Java HotSpot(TM) 64-Bit Server VM (24.80-b11 mixed mode linux-amd64 compressed oops)
Heap
 PSYoungGen      total 175104K, used 6364K [0x00000000eb600000, 0x00000000f6800000, 0x0000000100000000)
  eden space 167936K, 0% used [0x00000000eb600000,0x00000000eb600000,0x00000000f5a00000)
  from space 7168K, 88% used [0x00000000f5a00000,0x00000000f6037378,0x00000000f6100000)
  to   space 6656K, 0% used [0x00000000f6180000,0x00000000f6180000,0x00000000f6800000)
 ParOldGen       total 41984K, used 20985K [0x00000000c2200000, 0x00000000c4b00000, 0x00000000eb600000)
  object space 41984K, 49% used [0x00000000c2200000,0x00000000c367e5d8,0x00000000c4b00000)
 PSPermGen       total 21504K, used 21110K [0x00000000bd000000, 0x00000000be500000, 0x00000000c2200000)
  object space 21504K, 98% used [0x00000000bd000000,0x00000000be49d820,0x00000000be500000)
GC Heap History (10 events):
Event: 6.178 GC heap after
Heap after GC invocations=8 (full 0):
 PSYoungGen      total 72704K, used 4822K [0x00000000eb600000, 0x00000000f0400000, 0x0000000100000000)
  eden space 65536K, 0% used [0x00000000eb600000,0x00000000eb600000,0x00000000ef600000)
  from space 7168K, 67% used [0x00000000efd00000,0x00000000f01b5920,0x00000000f0400000)
  to   space 7168K, 0% used [0x00000000ef600000,0x00000000ef600000,0x00000000efd00000)
 ParOldGen       total 41984K, used 8010K [0x00000000c2200000, 0x00000000c4b00000, 0x00000000eb600000)
  object space 41984K, 19% used [0x00000000c2200000,0x00000000c29d2878,0x00000000c4b00000)
 PSPermGen       total 21504K, used 14237K [0x00000000bd000000, 0x00000000be500000, 0x00000000c2200000)
  object space 21504K, 66% used [0x00000000bd000000,0x00000000bdde7680,0x00000000be500000)
}
Event: 7.217 GC heap before
{Heap before GC invocations=9 (full 0):
 PSYoungGen      total 72704K, used 70358K [0x00000000eb600000, 0x00000000f0400000, 0x0000000100000000)
  eden space 65536K, 100% used [0x00000000eb600000,0x00000000ef600000,0x00000000ef600000)
  from space 7168K, 67% used [0x00000000efd00000,0x00000000f01b5920,0x00000000f0400000)
  to   space 7168K, 0% used [0x00000000ef600000,0x00000000ef600000,0x00000000efd00000)
 ParOldGen       total 41984K, used 8010K [0x00000000c2200000, 0x00000000c4b00000, 0x00000000eb600000)
  object space 41984K, 19% used [0x00000000c2200000,0x00000000c29d2878,0x00000000c4b00000)
 PSPermGen       total 21504K, used 16802K [0x00000000bd000000, 0x00000000be500000, 0x00000000c2200000)
  object space 21504K, 78% used [0x00000000bd000000,0x00000000be068938,0x00000000be500000)
Event: 7.232 GC heap after
Heap after GC invocations=9 (full 0):
 PSYoungGen      total 72704K, used 5422K [0x00000000eb600000, 0x00000000f2a80000, 0x0000000100000000)
  eden space 65536K, 0% used [0x00000000eb600000,0x00000000eb600000,0x00000000ef600000)
  from space 7168K, 75% used [0x00000000ef600000,0x00000000efb4b918,0x00000000efd00000)
  to   space 7168K, 0% used [0x00000000f2380000,0x00000000f2380000,0x00000000f2a80000)
 ParOldGen       total 41984K, used 8146K [0x00000000c2200000, 0x00000000c4b00000, 0x00000000eb600000)
  object space 41984K, 19% used [0x00000000c2200000,0x00000000c29f4878,0x00000000c4b00000)
 PSPermGen       total 21504K, used 16802K [0x00000000bd000000, 0x00000000be500000, 0x00000000c2200000)
  object space 21504K, 78% used [0x00000000bd000000,0x00000000be068938,0x00000000be500000)
}
Event: 9.350 GC heap before
{Heap before GC invocations=10 (full 0):
 PSYoungGen      total 72704K, used 70958K [0x00000000eb600000, 0x00000000f2a80000, 0x0000000100000000)
  eden space 65536K, 100% used [0x00000000eb600000,0x00000000ef600000,0x00000000ef600000)
  from space 7168K, 75% used [0x00000000ef600000,0x00000000efb4b918,0x00000000efd00000)
  to   space 7168K, 0% used [0x00000000f2380000,0x00000000f2380000,0x00000000f2a80000)
 ParOldGen       total 41984K, used 8146K [0x00000000c2200000, 0x00000000c4b00000, 0x00000000eb600000)
  object space 41984K, 19% used [0x00000000c2200000,0x00000000c29f4878,0x00000000c4b00000)
 PSPermGen       total 21504K, used 19171K [0x00000000bd000000, 0x00000000be500000, 0x00000000c2200000)
  object space 21504K, 89% used [0x00000000bd000000,0x00000000be2b8ed0,0x00000000be500000)
Event: 9.378 GC heap after
Heap after GC invocations=10 (full 0):
 PSYoungGen      total 112128K, used 2754K [0x00000000eb600000, 0x00000000f2a80000, 0x0000000100000000)
  eden space 104960K, 0% used [0x00000000eb600000,0x00000000eb600000,0x00000000f1c80000)
  from space 7168K, 38% used [0x00000000f2380000,0x00000000f2630988,0x00000000f2a80000)
  to   space 7168K, 0% used [0x00000000f1c80000,0x00000000f1c80000,0x00000000f2380000)
 ParOldGen       total 41984K, used 12126K [0x00000000c2200000, 0x00000000c4b00000, 0x00000000eb600000)
  object space 41984K, 28% used [0x00000000c2200000,0x00000000c2dd7b58,0x00000000c4b00000)
 PSPermGen       total 21504K, used 19171K [0x00000000bd000000, 0x00000000be500000, 0x00000000c2200000)
  object space 21504K, 89% used [0x00000000bd000000,0x00000000be2b8ed0,0x00000000be500000)
}
Event: 11.022 GC heap before
{Heap before GC invocations=11 (full 0):
 PSYoungGen      total 112128K, used 107714K [0x00000000eb600000, 0x00000000f2a80000, 0x0000000100000000)
  eden space 104960K, 100% used [0x00000000eb600000,0x00000000f1c80000,0x00000000f1c80000)
  from space 7168K, 38% used [0x00000000f2380000,0x00000000f2630988,0x00000000f2a80000)
  to   space 7168K, 0% used [0x00000000f1c80000,0x00000000f1c80000,0x00000000f2380000)
 ParOldGen       total 41984K, used 12126K [0x00000000c2200000, 0x00000000c4b00000, 0x00000000eb600000)
  object space 41984K, 28% used [0x00000000c2200000,0x00000000c2dd7b58,0x00000000c4b00000)
 PSPermGen       total 21504K, used 21067K [0x00000000bd000000, 0x00000000be500000, 0x00000000c2200000)
  object space 21504K, 97% used [0x00000000bd000000,0x00000000be492f90,0x00000000be500000)
Event: 11.091 GC heap after
Heap after GC invocations=11 (full 0):
 PSYoungGen      total 112128K, used 5185K [0x00000000eb600000, 0x00000000f6900000, 0x0000000100000000)
  eden space 104960K, 0% used [0x00000000eb600000,0x00000000eb600000,0x00000000f1c80000)
  from space 7168K, 72% used [0x00000000f1c80000,0x00000000f21904f0,0x00000000f2380000)
  to   space 7680K, 0% used [0x00000000f6180000,0x00000000f6180000,0x00000000f6900000)
 ParOldGen       total 41984K, used 13339K [0x00000000c2200000, 0x00000000c4b00000, 0x00000000eb600000)
  object space 41984K, 31% used [0x00000000c2200000,0x00000000c2f06f88,0x00000000c4b00000)
 PSPermGen       total 21504K, used 21067K [0x00000000bd000000, 0x00000000be500000, 0x00000000c2200000)
  object space 21504K, 97% used [0x00000000bd000000,0x00000000be492f90,0x00000000be500000)
}
Event: 11.318 GC heap before
{Heap before GC invocations=12 (full 0):
 PSYoungGen      total 112128K, used 110145K [0x00000000eb600000, 0x00000000f6900000, 0x0000000100000000)
  eden space 104960K, 100% used [0x00000000eb600000,0x00000000f1c80000,0x00000000f1c80000)
  from space 7168K, 72% used [0x00000000f1c80000,0x00000000f21904f0,0x00000000f2380000)
  to   space 7680K, 0% used [0x00000000f6180000,0x00000000f6180000,0x00000000f6900000)
 ParOldGen       total 41984K, used 13339K [0x00000000c2200000, 0x00000000c4b00000, 0x00000000eb600000)
  object space 41984K, 31% used [0x00000000c2200000,0x00000000c2f06f88,0x00000000c4b00000)
 PSPermGen       total 21504K, used 21079K [0x00000000bd000000, 0x00000000be500000, 0x00000000c2200000)
  object space 21504K, 98% used [0x00000000bd000000,0x00000000be495dc8,0x00000000be500000)
Event: 11.332 GC heap after
Heap after GC invocations=12 (full 0):
 PSYoungGen      total 174592K, used 4697K [0x00000000eb600000, 0x00000000f6800000, 0x0000000100000000)
  eden space 167936K, 0% used [0x00000000eb600000,0x00000000eb600000,0x00000000f5a00000)
  from space 6656K, 70% used [0x00000000f6180000,0x00000000f66166a8,0x00000000f6800000)
  to   space 7168K, 0% used [0x00000000f5a00000,0x00000000f5a00000,0x00000000f6100000)
 ParOldGen       total 41984K, used 17297K [0x00000000c2200000, 0x00000000c4b00000, 0x00000000eb600000)
  object space 41984K, 41% used [0x00000000c2200000,0x00000000c32e45d8,0x00000000c4b00000)
 PSPermGen       total 21504K, used 21079K [0x00000000bd000000, 0x00000000be500000, 0x00000000c2200000)
  object space 21504K, 98% used [0x00000000bd000000,0x00000000be495dc8,0x00000000be500000)
}
Event: 11.860 GC heap before
{Heap before GC invocations=13 (full 0):
 PSYoungGen      total 174592K, used 172633K [0x00000000eb600000, 0x00000000f6800000, 0x0000000100000000)
  eden space 167936K, 100% used [0x00000000eb600000,0x00000000f5a00000,0x00000000f5a00000)
  from space 6656K, 70% used [0x00000000f6180000,0x00000000f66166a8,0x00000000f6800000)
  to   space 7168K, 0% used [0x00000000f5a00000,0x00000000f5a00000,0x00000000f6100000)
 ParOldGen       total 41984K, used 17297K [0x00000000c2200000, 0x00000000c4b00000, 0x00000000eb600000)
  object space 41984K, 41% used [0x00000000c2200000,0x00000000c32e45d8,0x00000000c4b00000)
 PSPermGen       total 21504K, used 21110K [0x00000000bd000000, 0x00000000be500000, 0x00000000c2200000)
  object space 21504K, 98% used [0x00000000bd000000,0x00000000be49d820,0x00000000be500000)

