# JRE version: Java(TM) SE Runtime Environment (7.0_80-b15) (build 1.7.0_80-b15)
# Java VM: Java HotSpot(TM) 64-Bit Server VM (24.80-b11 mixed mode linux-amd64 compressed oops)
Heap
 PSYoungGen      total 173056K, used 6442K [0x00000000eb600000, 0x00000000f6600000, 0x0000000100000000)
  eden space 165888K, 0% used [0x00000000eb600000,0x00000000eb600000,0x00000000f5800000)
  from space 7168K, 89% used [0x00000000f5800000,0x00000000f5e4aae0,0x00000000f5f00000)
  to   space 6656K, 0% used [0x00000000f5f80000,0x00000000f5f80000,0x00000000f6600000)
 ParOldGen       total 41984K, used 22013K [0x00000000c2200000, 0x00000000c4b00000, 0x00000000eb600000)
  object space 41984K, 52% used [0x00000000c2200000,0x00000000c377f590,0x00000000c4b00000)
 PSPermGen       total 23040K, used 22954K [0x00000000bd000000, 0x00000000be680000, 0x00000000c2200000)
  object space 23040K, 99% used [0x00000000bd000000,0x00000000be66a8d0,0x00000000be680000)
GC Heap History (10 events):
Event: 5.185 GC heap after
Heap after GC invocations=8 (full 0):
 PSYoungGen      total 72192K, used 5370K [0x00000000eb600000, 0x00000000f0400000, 0x0000000100000000)
  eden space 64512K, 0% used [0x00000000eb600000,0x00000000eb600000,0x00000000ef500000)
  from space 7680K, 69% used [0x00000000efc80000,0x00000000f01bebb0,0x00000000f0400000)
  to   space 7680K, 0% used [0x00000000ef500000,0x00000000ef500000,0x00000000efc80000)
 ParOldGen       total 41984K, used 8994K [0x00000000c2200000, 0x00000000c4b00000, 0x00000000eb600000)
  object space 41984K, 21% used [0x00000000c2200000,0x00000000c2ac88e8,0x00000000c4b00000)
 PSPermGen       total 21504K, used 16065K [0x00000000bd000000, 0x00000000be500000, 0x00000000c2200000)
  object space 21504K, 74% used [0x00000000bd000000,0x00000000bdfb0730,0x00000000be500000)
}
Event: 6.160 GC heap before
{Heap before GC invocations=9 (full 0):
 PSYoungGen      total 72192K, used 69882K [0x00000000eb600000, 0x00000000f0400000, 0x0000000100000000)
  eden space 64512K, 100% used [0x00000000eb600000,0x00000000ef500000,0x00000000ef500000)
  from space 7680K, 69% used [0x00000000efc80000,0x00000000f01bebb0,0x00000000f0400000)
  to   space 7680K, 0% used [0x00000000ef500000,0x00000000ef500000,0x00000000efc80000)
 ParOldGen       total 41984K, used 8994K [0x00000000c2200000, 0x00000000c4b00000, 0x00000000eb600000)
  object space 41984K, 21% used [0x00000000c2200000,0x00000000c2ac88e8,0x00000000c4b00000)
 PSPermGen       total 21504K, used 18450K [0x00000000bd000000, 0x00000000be500000, 0x00000000c2200000)
  object space 21504K, 85% used [0x00000000bd000000,0x00000000be2048a0,0x00000000be500000)
Event: 6.174 GC heap after
Heap after GC invocations=9 (full 0):
 PSYoungGen      total 72192K, used 5515K [0x00000000eb600000, 0x00000000f2a00000, 0x0000000100000000)
  eden space 64512K, 0% used [0x00000000eb600000,0x00000000eb600000,0x00000000ef500000)
  from space 7680K, 71% used [0x00000000ef500000,0x00000000efa62d18,0x00000000efc80000)
  to   space 7680K, 0% used [0x00000000f2280000,0x00000000f2280000,0x00000000f2a00000)
 ParOldGen       total 41984K, used 9018K [0x00000000c2200000, 0x00000000c4b00000, 0x00000000eb600000)
  object space 41984K, 21% used [0x00000000c2200000,0x00000000c2ace8e8,0x00000000c4b00000)
 PSPermGen       total 21504K, used 18450K [0x00000000bd000000, 0x00000000be500000, 0x00000000c2200000)
  object space 21504K, 85% used [0x00000000bd000000,0x00000000be2048a0,0x00000000be500000)
}
Event: 7.168 GC heap before
{Heap before GC invocations=10 (full 0):
 PSYoungGen      total 72192K, used 70027K [0x00000000eb600000, 0x00000000f2a00000, 0x0000000100000000)
  eden space 64512K, 100% used [0x00000000eb600000,0x00000000ef500000,0x00000000ef500000)
  from space 7680K, 71% used [0x00000000ef500000,0x00000000efa62d18,0x00000000efc80000)
  to   space 7680K, 0% used [0x00000000f2280000,0x00000000f2280000,0x00000000f2a00000)
 ParOldGen       total 41984K, used 9018K [0x00000000c2200000, 0x00000000c4b00000, 0x00000000eb600000)
  object space 41984K, 21% used [0x00000000c2200000,0x00000000c2ace8e8,0x00000000c4b00000)
 PSPermGen       total 21504K, used 21139K [0x00000000bd000000, 0x00000000be500000, 0x00000000c2200000)
  object space 21504K, 98% used [0x00000000bd000000,0x00000000be4a4e38,0x00000000be500000)
Event: 7.189 GC heap after
Heap after GC invocations=10 (full 0):
 PSYoungGen      total 111104K, used 3309K [0x00000000eb600000, 0x00000000f2a00000, 0x0000000100000000)
  eden space 103424K, 0% used [0x00000000eb600000,0x00000000eb600000,0x00000000f1b00000)
  from space 7680K, 43% used [0x00000000f2280000,0x00000000f25bb7d0,0x00000000f2a00000)
  to   space 7680K, 0% used [0x00000000f1b00000,0x00000000f1b00000,0x00000000f2280000)
 ParOldGen       total 41984K, used 13139K [0x00000000c2200000, 0x00000000c4b00000, 0x00000000eb600000)
  object space 41984K, 31% used [0x00000000c2200000,0x00000000c2ed4ef0,0x00000000c4b00000)
 PSPermGen       total 21504K, used 21139K [0x00000000bd000000, 0x00000000be500000, 0x00000000c2200000)
  object space 21504K, 98% used [0x00000000bd000000,0x00000000be4a4e38,0x00000000be500000)
}
Event: 8.393 GC heap before
{Heap before GC invocations=11 (full 0):
 PSYoungGen      total 111104K, used 106733K [0x00000000eb600000, 0x00000000f2a00000, 0x0000000100000000)
  eden space 103424K, 100% used [0x00000000eb600000,0x00000000f1b00000,0x00000000f1b00000)
  from space 7680K, 43% used [0x00000000f2280000,0x00000000f25bb7d0,0x00000000f2a00000)
  to   space 7680K, 0% used [0x00000000f1b00000,0x00000000f1b00000,0x00000000f2280000)
 ParOldGen       total 41984K, used 13139K [0x00000000c2200000, 0x00000000c4b00000, 0x00000000eb600000)
  object space 41984K, 31% used [0x00000000c2200000,0x00000000c2ed4ef0,0x00000000c4b00000)
 PSPermGen       total 23040K, used 22912K [0x00000000bd000000, 0x00000000be680000, 0x00000000c2200000)
  object space 23040K, 99% used [0x00000000bd000000,0x00000000be660248,0x00000000be680000)
Event: 8.405 GC heap after
Heap after GC invocations=11 (full 0):
 PSYoungGen      total 111104K, used 4930K [0x00000000eb600000, 0x00000000f6700000, 0x0000000100000000)
  eden space 103424K, 0% used [0x00000000eb600000,0x00000000eb600000,0x00000000f1b00000)
  from space 7680K, 64% used [0x00000000f1b00000,0x00000000f1fd09f8,0x00000000f2280000)
  to   space 7680K, 0% used [0x00000000f5f80000,0x00000000f5f80000,0x00000000f6700000)
 ParOldGen       total 41984K, used 14733K [0x00000000c2200000, 0x00000000c4b00000, 0x00000000eb600000)
  object space 41984K, 35% used [0x00000000c2200000,0x00000000c3063610,0x00000000c4b00000)
 PSPermGen       total 23040K, used 22912K [0x00000000bd000000, 0x00000000be680000, 0x00000000c2200000)
  object space 23040K, 99% used [0x00000000bd000000,0x00000000be660248,0x00000000be680000)
}
Event: 8.694 GC heap before
{Heap before GC invocations=12 (full 0):
 PSYoungGen      total 111104K, used 108354K [0x00000000eb600000, 0x00000000f6700000, 0x0000000100000000)
  eden space 103424K, 100% used [0x00000000eb600000,0x00000000f1b00000,0x00000000f1b00000)
  from space 7680K, 64% used [0x00000000f1b00000,0x00000000f1fd09f8,0x00000000f2280000)
  to   space 7680K, 0% used [0x00000000f5f80000,0x00000000f5f80000,0x00000000f6700000)
 ParOldGen       total 41984K, used 14733K [0x00000000c2200000, 0x00000000c4b00000, 0x00000000eb600000)
  object space 41984K, 35% used [0x00000000c2200000,0x00000000c3063610,0x00000000c4b00000)
 PSPermGen       total 23040K, used 22922K [0x00000000bd000000, 0x00000000be680000, 0x00000000c2200000)
  object space 23040K, 99% used [0x00000000bd000000,0x00000000be662a68,0x00000000be680000)
Event: 8.737 GC heap after
Heap after GC invocations=12 (full 0):
 PSYoungGen      total 172544K, used 4342K [0x00000000eb600000, 0x00000000f6600000, 0x0000000100000000)
  eden space 165888K, 0% used [0x00000000eb600000,0x00000000eb600000,0x00000000f5800000)
  from space 6656K, 65% used [0x00000000f5f80000,0x00000000f63bd878,0x00000000f6600000)
  to   space 7168K, 0% used [0x00000000f5800000,0x00000000f5800000,0x00000000f5f00000)
 ParOldGen       total 41984K, used 18381K [0x00000000c2200000, 0x00000000c4b00000, 0x00000000eb600000)
  object space 41984K, 43% used [0x00000000c2200000,0x00000000c33f3590,0x00000000c4b00000)
 PSPermGen       total 23040K, used 22922K [0x00000000bd000000, 0x00000000be680000, 0x00000000c2200000)
  object space 23040K, 99% used [0x00000000bd000000,0x00000000be662a68,0x00000000be680000)
}
Event: 9.225 GC heap before
{Heap before GC invocations=13 (full 0):
 PSYoungGen      total 172544K, used 170230K [0x00000000eb600000, 0x00000000f6600000, 0x0000000100000000)
  eden space 165888K, 100% used [0x00000000eb600000,0x00000000f5800000,0x00000000f5800000)
  from space 6656K, 65% used [0x00000000f5f80000,0x00000000f63bd878,0x00000000f6600000)
  to   space 7168K, 0% used [0x00000000f5800000,0x00000000f5800000,0x00000000f5f00000)
 ParOldGen       total 41984K, used 18381K [0x00000000c2200000, 0x00000000c4b00000, 0x00000000eb600000)
  object space 41984K, 43% used [0x00000000c2200000,0x00000000c33f3590,0x00000000c4b00000)
 PSPermGen       total 23040K, used 22954K [0x00000000bd000000, 0x00000000be680000, 0x00000000c2200000)
  object space 23040K, 99% used [0x00000000bd000000,0x00000000be66a8d0,0x00000000be680000)

